==126141== Memcheck, a memory error detector
==126141== Copyright (C) 2002-2017, and GNU GPL'd, by Julian Seward et al.
==126141== Using Valgrind-3.18.1 and LibVEX; rerun with -h for copyright info
==126141== Command: ./build/SickPool ./config/coins/SIN.json
==126141== Parent PID: 60568
==126141== 
==126141== 
==126141== HEAP SUMMARY:
==126141==     in use at exit: 1,080 bytes in 7 blocks
==126141==   total heap usage: 491 allocs, 484 frees, 285,297 bytes allocated
==126141== 
==126141== LEAK SUMMARY:
==126141==    definitely lost: 344 bytes in 1 blocks
==126141==    indirectly lost: 0 bytes in 0 blocks
==126141==      possibly lost: 608 bytes in 2 blocks
==126141==    still reachable: 128 bytes in 4 blocks
==126141==         suppressed: 0 bytes in 0 blocks
==126141== Rerun with --leak-check=full to see details of leaked memory
==126141== 
==126141== For lists of detected and suppressed errors, rerun with: -s
==126141== ERROR SUMMARY: 0 errors from 0 contexts (suppressed: 0 from 0)
