==657915== Memcheck, a memory error detector
==657915== Copyright (C) 2002-2017, and GNU GPL'd, by Julian Seward et al.
==657915== Using Valgrind-3.18.1 and LibVEX; rerun with -h for copyright info
==657915== Command: ./build/SickPool ./config/coins/SIN.json
==657915== Parent PID: 473864
==657915== 
==657915== Thread 6:
==657915== Mismatched free() / delete / delete []
==657915==    at 0x484B27F: free (in /usr/libexec/valgrind/vgpreload_memcheck-amd64-linux.so)
==657915==    by 0x4C0DD9E: __call_tls_dtors (cxa_thread_atexit_impl.c:159)
==657915==    by 0x4C5C9C4: start_thread (pthread_create.c:450)
==657915==    by 0x4CEDBB3: clone (clone.S:100)
==657915==  Address 0x4f1e180 is 0 bytes inside a block of size 36 alloc'd
==657915==    at 0x4849013: operator new(unsigned long) (in /usr/libexec/valgrind/vgpreload_memcheck-amd64-linux.so)
==657915==    by 0x13BCA1: verusclhasher::verusclhasher(unsigned long, int) (verus_clhash.h:219)
==657915==    by 0x13BD8E: CVerusHashV2::CVerusHashV2(int) (verus_hash.h:87)
==657915==    by 0x13FEFC: WorkerContext::WorkerContext() (share.hpp:38)
==657915==    by 0x131972: StratumServer::HandleConsumeable(std::_List_iterator<std::unique_ptr<Connection<StratumClient>, std::default_delete<Connection<StratumClient> > > >*) (stratum_server.cpp:434)
==657915==    by 0x1A4610: Server<StratumClient>::HandleReadable(std::_List_iterator<std::unique_ptr<Connection<StratumClient>, std::default_delete<Connection<StratumClient> > > >*) (server.cpp:135)
==657915==    by 0x1A377D: Server<StratumClient>::Service() (server.cpp:92)
==657915==    by 0x12F6BB: StratumServer::ServiceSockets(std::stop_token) (stratum_server.cpp:130)
==657915==    by 0x16D68E: void std::__invoke_impl<void, void (StratumServer::*)(std::stop_token), StratumServer*, std::stop_token>(std::__invoke_memfun_deref, void (StratumServer::*&&)(std::stop_token), StratumServer*&&, std::stop_token&&) (invoke.h:73)
==657915==    by 0x16D422: std::__invoke_result<void (StratumServer::*)(std::stop_token), StratumServer*, std::stop_token>::type std::__invoke<void (StratumServer::*)(std::stop_token), StratumServer*, std::stop_token>(void (StratumServer::*&&)(std::stop_token), StratumServer*&&, std::stop_token&&) (invoke.h:95)
==657915==    by 0x16D212: std::invoke_result<void (StratumServer::*)(std::stop_token), StratumServer*, std::stop_token>::type std::invoke<void (StratumServer::*)(std::stop_token), StratumServer*, std::stop_token>(void (StratumServer::*&&)(std::stop_token), StratumServer*&&, std::stop_token&&) (functional:88)
==657915==    by 0x16CFAA: decltype(auto) std::_Bind_front<void (StratumServer::*)(std::stop_token), StratumServer*>::_S_call<std::_Bind_front<void (StratumServer::*)(std::stop_token), StratumServer*>, 0ul, std::stop_token>(std::_Bind_front<void (StratumServer::*)(std::stop_token), StratumServer*>&&, std::integer_sequence<unsigned long, 0ul>, std::stop_token&&) (functional:892)
==657915== 
==657915== 
==657915== Process terminating with default action of signal 6 (SIGABRT)
==657915==    at 0x4C5EA7C: __pthread_kill_implementation (pthread_kill.c:44)
==657915==    by 0x4C5EA7C: __pthread_kill_internal (pthread_kill.c:78)
==657915==    by 0x4C5EA7C: pthread_kill@@GLIBC_2.34 (pthread_kill.c:89)
==657915==    by 0x4C0A475: raise (raise.c:26)
==657915==    by 0x4BF07F2: abort (abort.c:79)
==657915==    by 0x4C516F5: __libc_message (libc_fatal.c:155)
==657915==    by 0x4CFE769: __fortify_fail (fortify_fail.c:26)
==657915==    by 0x4CFE735: __stack_chk_fail (stack_chk_fail.c:24)
==657915==    by 0x1139B5: main (main.cpp:103)
==657915== 
==657915== HEAP SUMMARY:
==657915==     in use at exit: 76,864 bytes in 18 blocks
==657915==   total heap usage: 64,494 allocs, 64,476 frees, 12,692,530 bytes allocated
==657915== 
==657915== LEAK SUMMARY:
==657915==    definitely lost: 0 bytes in 0 blocks
==657915==    indirectly lost: 0 bytes in 0 blocks
==657915==      possibly lost: 1,824 bytes in 6 blocks
==657915==    still reachable: 75,040 bytes in 12 blocks
==657915==         suppressed: 0 bytes in 0 blocks
==657915== Rerun with --leak-check=full to see details of leaked memory
==657915== 
==657915== For lists of detected and suppressed errors, rerun with: -s
==657915== ERROR SUMMARY: 16 errors from 1 contexts (suppressed: 0 from 0)
