Performing C SOURCE FILE Test CMAKE_HAVE_LIBC_PTHREAD failed with the following output:
Change Dir: /home/sickguy/Documents/Projects/SickPool/server/bulid/CMakeFiles/CMakeTmp

Run Build Command(s):/usr/bin/make -f Makefile cmTC_41c82/fast && /usr/bin/make  -f CMakeFiles/cmTC_41c82.dir/build.make CMakeFiles/cmTC_41c82.dir/build
make[1]: Entering directory '/home/sickguy/Documents/Projects/SickPool/server/bulid/CMakeFiles/CMakeTmp'
Building C object CMakeFiles/cmTC_41c82.dir/src.c.o
/usr/bin/cc -DCMAKE_HAVE_LIBC_PTHREAD   -o CMakeFiles/cmTC_41c82.dir/src.c.o -c /home/sickguy/Documents/Projects/SickPool/server/bulid/CMakeFiles/CMakeTmp/src.c
Linking C executable cmTC_41c82
/usr/bin/cmake -E cmake_link_script CMakeFiles/cmTC_41c82.dir/link.txt --verbose=1
/usr/bin/cc CMakeFiles/cmTC_41c82.dir/src.c.o -o cmTC_41c82 
/usr/bin/ld: CMakeFiles/cmTC_41c82.dir/src.c.o: in function `main':
src.c:(.text+0x46): undefined reference to `pthread_create'
/usr/bin/ld: src.c:(.text+0x52): undefined reference to `pthread_detach'
/usr/bin/ld: src.c:(.text+0x5e): undefined reference to `pthread_cancel'
/usr/bin/ld: src.c:(.text+0x6f): undefined reference to `pthread_join'
collect2: error: ld returned 1 exit status
make[1]: *** [CMakeFiles/cmTC_41c82.dir/build.make:99: cmTC_41c82] Error 1
make[1]: Leaving directory '/home/sickguy/Documents/Projects/SickPool/server/bulid/CMakeFiles/CMakeTmp'
make: *** [Makefile:127: cmTC_41c82/fast] Error 2


Source file was:
#include <pthread.h>

static void* test_func(void* data)
{
  return data;
}

int main(void)
{
  pthread_t thread;
  pthread_create(&thread, NULL, test_func, NULL);
  pthread_detach(thread);
  pthread_cancel(thread);
  pthread_join(thread, NULL);
  pthread_atfork(NULL, NULL, NULL);
  pthread_exit(NULL);

  return 0;
}

Determining if the function pthread_create exists in the pthreads failed with the following output:
Change Dir: /home/sickguy/Documents/Projects/SickPool/server/bulid/CMakeFiles/CMakeTmp

Run Build Command(s):/usr/bin/make -f Makefile cmTC_f4184/fast && /usr/bin/make  -f CMakeFiles/cmTC_f4184.dir/build.make CMakeFiles/cmTC_f4184.dir/build
make[1]: Entering directory '/home/sickguy/Documents/Projects/SickPool/server/bulid/CMakeFiles/CMakeTmp'
Building C object CMakeFiles/cmTC_f4184.dir/CheckFunctionExists.c.o
/usr/bin/cc   -DCHECK_FUNCTION_EXISTS=pthread_create -o CMakeFiles/cmTC_f4184.dir/CheckFunctionExists.c.o -c /usr/share/cmake-3.22/Modules/CheckFunctionExists.c
Linking C executable cmTC_f4184
/usr/bin/cmake -E cmake_link_script CMakeFiles/cmTC_f4184.dir/link.txt --verbose=1
/usr/bin/cc  -DCHECK_FUNCTION_EXISTS=pthread_create CMakeFiles/cmTC_f4184.dir/CheckFunctionExists.c.o -o cmTC_f4184  -lpthreads 
/usr/bin/ld: cannot find -lpthreads
collect2: error: ld returned 1 exit status
make[1]: *** [CMakeFiles/cmTC_f4184.dir/build.make:99: cmTC_f4184] Error 1
make[1]: Leaving directory '/home/sickguy/Documents/Projects/SickPool/server/bulid/CMakeFiles/CMakeTmp'
make: *** [Makefile:127: cmTC_f4184/fast] Error 2



Performing C++ SOURCE FILE Test HAVE_CXX_FLAG_WSHORTEN_64_TO_32 failed with the following output:
Change Dir: /home/sickguy/Documents/Projects/SickPool/server/bulid/CMakeFiles/CMakeTmp

Run Build Command(s):/usr/bin/make -f Makefile cmTC_94f0e/fast && /usr/bin/make  -f CMakeFiles/cmTC_94f0e.dir/build.make CMakeFiles/cmTC_94f0e.dir/build
make[1]: Entering directory '/home/sickguy/Documents/Projects/SickPool/server/bulid/CMakeFiles/CMakeTmp'
Building CXX object CMakeFiles/cmTC_94f0e.dir/src.cxx.o
/usr/bin/c++ -DHAVE_CXX_FLAG_WSHORTEN_64_TO_32  -O0 -g3  -std=c++11  -Wall  -Wextra  -Wshadow  -Wfloat-equal  -pedantic  -pedantic-errors  -Wshorten-64-to-32   -Wshorten-64-to-32 -o CMakeFiles/cmTC_94f0e.dir/src.cxx.o -c /home/sickguy/Documents/Projects/SickPool/server/bulid/CMakeFiles/CMakeTmp/src.cxx
c++: error: unrecognized command-line option '-Wshorten-64-to-32'
c++: error: unrecognized command-line option '-Wshorten-64-to-32'
make[1]: *** [CMakeFiles/cmTC_94f0e.dir/build.make:78: CMakeFiles/cmTC_94f0e.dir/src.cxx.o] Error 1
make[1]: Leaving directory '/home/sickguy/Documents/Projects/SickPool/server/bulid/CMakeFiles/CMakeTmp'
make: *** [Makefile:127: cmTC_94f0e/fast] Error 2


Source file was:
int main() { return 0; }
Performing C++ SOURCE FILE Test HAVE_CXX_FLAG_WD654 failed with the following output:
Change Dir: /home/sickguy/Documents/Projects/SickPool/server/bulid/CMakeFiles/CMakeTmp

Run Build Command(s):/usr/bin/make -f Makefile cmTC_c7128/fast && /usr/bin/make  -f CMakeFiles/cmTC_c7128.dir/build.make CMakeFiles/cmTC_c7128.dir/build
make[1]: Entering directory '/home/sickguy/Documents/Projects/SickPool/server/bulid/CMakeFiles/CMakeTmp'
Building CXX object CMakeFiles/cmTC_c7128.dir/src.cxx.o
/usr/bin/c++ -DHAVE_CXX_FLAG_WD654  -O0 -g3  -std=c++11  -Wall  -Wextra  -Wshadow  -Wfloat-equal  -pedantic  -pedantic-errors  -fstrict-aliasing  -Wno-deprecated-declarations  -Wstrict-aliasing  -wd654   -wd654 -o CMakeFiles/cmTC_c7128.dir/src.cxx.o -c /home/sickguy/Documents/Projects/SickPool/server/bulid/CMakeFiles/CMakeTmp/src.cxx
c++: error: unrecognized command-line option '-wd654'
c++: error: unrecognized command-line option '-wd654'
make[1]: *** [CMakeFiles/cmTC_c7128.dir/build.make:78: CMakeFiles/cmTC_c7128.dir/src.cxx.o] Error 1
make[1]: Leaving directory '/home/sickguy/Documents/Projects/SickPool/server/bulid/CMakeFiles/CMakeTmp'
make: *** [Makefile:127: cmTC_c7128/fast] Error 2


Source file was:
int main() { return 0; }
Performing C++ SOURCE FILE Test HAVE_CXX_FLAG_WTHREAD_SAFETY failed with the following output:
Change Dir: /home/sickguy/Documents/Projects/SickPool/server/bulid/CMakeFiles/CMakeTmp

Run Build Command(s):/usr/bin/make -f Makefile cmTC_9bb6e/fast && /usr/bin/make  -f CMakeFiles/cmTC_9bb6e.dir/build.make CMakeFiles/cmTC_9bb6e.dir/build
make[1]: Entering directory '/home/sickguy/Documents/Projects/SickPool/server/bulid/CMakeFiles/CMakeTmp'
Building CXX object CMakeFiles/cmTC_9bb6e.dir/src.cxx.o
/usr/bin/c++ -DHAVE_CXX_FLAG_WTHREAD_SAFETY  -O0 -g3  -std=c++11  -Wall  -Wextra  -Wshadow  -Wfloat-equal  -pedantic  -pedantic-errors  -fstrict-aliasing  -Wno-deprecated-declarations  -Wstrict-aliasing  -Wthread-safety   -Wthread-safety -o CMakeFiles/cmTC_9bb6e.dir/src.cxx.o -c /home/sickguy/Documents/Projects/SickPool/server/bulid/CMakeFiles/CMakeTmp/src.cxx
c++: error: unrecognized command-line option '-Wthread-safety'
c++: error: unrecognized command-line option '-Wthread-safety'
make[1]: *** [CMakeFiles/cmTC_9bb6e.dir/build.make:78: CMakeFiles/cmTC_9bb6e.dir/src.cxx.o] Error 1
make[1]: Leaving directory '/home/sickguy/Documents/Projects/SickPool/server/bulid/CMakeFiles/CMakeTmp'
make: *** [Makefile:127: cmTC_9bb6e/fast] Error 2


Source file was:
int main() { return 0; }
